=================================================================
==32088==ERROR: AddressSanitizer: heap-buffer-overflow on address 0x602000000111 at pc 0x000100a67915 bp 0x7ffeef1a8040 sp 0x7ffeef1a8038
READ of size 1 at 0x602000000111 thread T0
    #0 0x100a67914 in ft_strlen get_next_line_utils.c:20
    #1 0x100a67a81 in ft_str_join get_next_line_utils.c:50
    #2 0x100a67792 in read_and_buffer get_next_line.c:31
    #3 0x100a673a0 in get_next_line get_next_line.c:50
    #4 0x100a66ab0 in test_gnl_func file_utils.c:40
    #5 0x100a5d4ef in main tester.c:117
    #6 0x7fff68ee4cc8 in start+0x0 (libdyld.dylib:x86_64+0x1acc8)

0x602000000111 is located 0 bytes to the right of 1-byte region [0x602000000110,0x602000000111)
allocated by thread T0 here:
    #0 0x10406917d in wrap_malloc+0x9d (libclang_rt.asan_osx_dynamic.dylib:x86_64h+0x4917d)
    #1 0x100a60d0c in malloc malloc_mock.c:65
    #2 0x100a67960 in ft_calloc get_next_line_utils.c:30
    #3 0x100a672fc in get_next_line get_next_line.c:47
    #4 0x100a66ab0 in test_gnl_func file_utils.c:40
    #5 0x100a5d4ef in main tester.c:117
    #6 0x7fff68ee4cc8 in start+0x0 (libdyld.dylib:x86_64+0x1acc8)

SUMMARY: AddressSanitizer: heap-buffer-overflow get_next_line_utils.c:20 in ft_strlen
Error in test 1: get_next_line(5: "1char.txt"): Memory problems!
     in sigabort utils.c:58:1
     in ft_strlen get_next_line_utils.c:20:9
     in ft_str_join get_next_line_utils.c:50:37
     in read_and_buffer get_next_line.c:31:4
     in get_next_line get_next_line.c:50:6
     in test_gnl_func file_utils.c:40:8
     in main tester.c:117:2

=================================================================
==32091==ERROR: AddressSanitizer: heap-buffer-overflow on address 0x602000000111 at pc 0x000100a67915 bp 0x7ffeef1a8040 sp 0x7ffeef1a8038
READ of size 1 at 0x602000000111 thread T0
    #0 0x100a67914 in ft_strlen get_next_line_utils.c:20
    #1 0x100a67a81 in ft_str_join get_next_line_utils.c:50
    #2 0x100a67792 in read_and_buffer get_next_line.c:31
    #3 0x100a673a0 in get_next_line get_next_line.c:50
    #4 0x100a66ab0 in test_gnl_func file_utils.c:40
    #5 0x100a5dae8 in main tester.c:123
    #6 0x7fff68ee4cc8 in start+0x0 (libdyld.dylib:x86_64+0x1acc8)

0x602000000111 is located 0 bytes to the right of 1-byte region [0x602000000110,0x602000000111)
allocated by thread T0 here:
    #0 0x10406917d in wrap_malloc+0x9d (libclang_rt.asan_osx_dynamic.dylib:x86_64h+0x4917d)
    #1 0x100a60d0c in malloc malloc_mock.c:65
    #2 0x100a67960 in ft_calloc get_next_line_utils.c:30
    #3 0x100a672fc in get_next_line get_next_line.c:47
    #4 0x100a66ab0 in test_gnl_func file_utils.c:40
    #5 0x100a5dae8 in main tester.c:123
    #6 0x7fff68ee4cc8 in start+0x0 (libdyld.dylib:x86_64+0x1acc8)

SUMMARY: AddressSanitizer: heap-buffer-overflow get_next_line_utils.c:20 in ft_strlen
Error in test 1: get_next_line(5: "one_line_no_nl.txt"): Memory problems!
     in sigabort utils.c:58:1
     in ft_strlen get_next_line_utils.c:20:9
     in ft_str_join get_next_line_utils.c:50:37
     in read_and_buffer get_next_line.c:31:4
     in get_next_line get_next_line.c:50:6
     in test_gnl_func file_utils.c:40:8
     in main tester.c:123:2

=================================================================
==32094==ERROR: AddressSanitizer: heap-buffer-overflow on address 0x602000000111 at pc 0x000100a67915 bp 0x7ffeef1a8040 sp 0x7ffeef1a8038
READ of size 1 at 0x602000000111 thread T0
    #0 0x100a67914 in ft_strlen get_next_line_utils.c:20
    #1 0x100a67a81 in ft_str_join get_next_line_utils.c:50
    #2 0x100a67792 in read_and_buffer get_next_line.c:31
    #3 0x100a673a0 in get_next_line get_next_line.c:50
    #4 0x100a66ab0 in test_gnl_func file_utils.c:40
    #5 0x100a5e0e1 in main tester.c:129
    #6 0x7fff68ee4cc8 in start+0x0 (libdyld.dylib:x86_64+0x1acc8)

0x602000000111 is located 0 bytes to the right of 1-byte region [0x602000000110,0x602000000111)
allocated by thread T0 here:
    #0 0x10406917d in wrap_malloc+0x9d (libclang_rt.asan_osx_dynamic.dylib:x86_64h+0x4917d)
    #1 0x100a60d0c in malloc malloc_mock.c:65
    #2 0x100a67960 in ft_calloc get_next_line_utils.c:30
    #3 0x100a672fc in get_next_line get_next_line.c:47
    #4 0x100a66ab0 in test_gnl_func file_utils.c:40
    #5 0x100a5e0e1 in main tester.c:129
    #6 0x7fff68ee4cc8 in start+0x0 (libdyld.dylib:x86_64+0x1acc8)

SUMMARY: AddressSanitizer: heap-buffer-overflow get_next_line_utils.c:20 in ft_strlen
Error in test 1: get_next_line(5: "only_nl.txt"): Memory problems!
     in sigabort utils.c:58:1
     in ft_strlen get_next_line_utils.c:20:9
     in ft_str_join get_next_line_utils.c:50:37
     in read_and_buffer get_next_line.c:31:4
     in get_next_line get_next_line.c:50:6
     in test_gnl_func file_utils.c:40:8
     in main tester.c:129:2

=================================================================
==32097==ERROR: AddressSanitizer: heap-buffer-overflow on address 0x602000000111 at pc 0x000100a67915 bp 0x7ffeef1a8040 sp 0x7ffeef1a8038
READ of size 1 at 0x602000000111 thread T0
    #0 0x100a67914 in ft_strlen get_next_line_utils.c:20
    #1 0x100a67a81 in ft_str_join get_next_line_utils.c:50
    #2 0x100a67792 in read_and_buffer get_next_line.c:31
    #3 0x100a673a0 in get_next_line get_next_line.c:50
    #4 0x100a66ab0 in test_gnl_func file_utils.c:40
    #5 0x100a5e6da in main tester.c:135
    #6 0x7fff68ee4cc8 in start+0x0 (libdyld.dylib:x86_64+0x1acc8)

0x602000000111 is located 0 bytes to the right of 1-byte region [0x602000000110,0x602000000111)
allocated by thread T0 here:
    #0 0x10406917d in wrap_malloc+0x9d (libclang_rt.asan_osx_dynamic.dylib:x86_64h+0x4917d)
    #1 0x100a60d0c in malloc malloc_mock.c:65
    #2 0x100a67960 in ft_calloc get_next_line_utils.c:30
    #3 0x100a672fc in get_next_line get_next_line.c:47
    #4 0x100a66ab0 in test_gnl_func file_utils.c:40
    #5 0x100a5e6da in main tester.c:135
    #6 0x7fff68ee4cc8 in start+0x0 (libdyld.dylib:x86_64+0x1acc8)

SUMMARY: AddressSanitizer: heap-buffer-overflow get_next_line_utils.c:20 in ft_strlen
Error in test 1: get_next_line(5: "multiple_nl.txt"): Memory problems!
     in sigabort utils.c:58:1
     in ft_strlen get_next_line_utils.c:20:9
     in ft_str_join get_next_line_utils.c:50:37
     in read_and_buffer get_next_line.c:31:4
     in get_next_line get_next_line.c:50:6
     in test_gnl_func file_utils.c:40:8
     in main tester.c:135:2

=================================================================
==32100==ERROR: AddressSanitizer: heap-buffer-overflow on address 0x602000000111 at pc 0x000100a67915 bp 0x7ffeef1a8040 sp 0x7ffeef1a8038
READ of size 1 at 0x602000000111 thread T0
    #0 0x100a67914 in ft_strlen get_next_line_utils.c:20
    #1 0x100a67a81 in ft_str_join get_next_line_utils.c:50
    #2 0x100a67792 in read_and_buffer get_next_line.c:31
    #3 0x100a673a0 in get_next_line get_next_line.c:50
    #4 0x100a66ab0 in test_gnl_func file_utils.c:40
    #5 0x100a5edff in main tester.c:145
    #6 0x7fff68ee4cc8 in start+0x0 (libdyld.dylib:x86_64+0x1acc8)

0x602000000111 is located 0 bytes to the right of 1-byte region [0x602000000110,0x602000000111)
allocated by thread T0 here:
    #0 0x10406917d in wrap_malloc+0x9d (libclang_rt.asan_osx_dynamic.dylib:x86_64h+0x4917d)
    #1 0x100a60d0c in malloc malloc_mock.c:65
    #2 0x100a67960 in ft_calloc get_next_line_utils.c:30
    #3 0x100a672fc in get_next_line get_next_line.c:47
    #4 0x100a66ab0 in test_gnl_func file_utils.c:40
    #5 0x100a5edff in main tester.c:145
    #6 0x7fff68ee4cc8 in start+0x0 (libdyld.dylib:x86_64+0x1acc8)

SUMMARY: AddressSanitizer: heap-buffer-overflow get_next_line_utils.c:20 in ft_strlen
Error in test 1: get_next_line(5: "variable_nls.txt"): Memory problems!
     in sigabort utils.c:58:1
     in ft_strlen get_next_line_utils.c:20:9
     in ft_str_join get_next_line_utils.c:50:37
     in read_and_buffer get_next_line.c:31:4
     in get_next_line get_next_line.c:50:6
     in test_gnl_func file_utils.c:40:8
     in main tester.c:145:2

=================================================================
==32103==ERROR: AddressSanitizer: heap-buffer-overflow on address 0x602000000111 at pc 0x000100a67915 bp 0x7ffeef1a8040 sp 0x7ffeef1a8038
READ of size 1 at 0x602000000111 thread T0
    #0 0x100a67914 in ft_strlen get_next_line_utils.c:20
    #1 0x100a67a81 in ft_str_join get_next_line_utils.c:50
    #2 0x100a67792 in read_and_buffer get_next_line.c:31
    #3 0x100a673a0 in get_next_line get_next_line.c:50
    #4 0x100a66ab0 in test_gnl_func file_utils.c:40
    #5 0x100a5f731 in main tester.c:162
    #6 0x7fff68ee4cc8 in start+0x0 (libdyld.dylib:x86_64+0x1acc8)

0x602000000111 is located 0 bytes to the right of 1-byte region [0x602000000110,0x602000000111)
allocated by thread T0 here:
    #0 0x10406917d in wrap_malloc+0x9d (libclang_rt.asan_osx_dynamic.dylib:x86_64h+0x4917d)
    #1 0x100a60d0c in malloc malloc_mock.c:65
    #2 0x100a67960 in ft_calloc get_next_line_utils.c:30
    #3 0x100a672fc in get_next_line get_next_line.c:47
    #4 0x100a66ab0 in test_gnl_func file_utils.c:40
    #5 0x100a5f731 in main tester.c:162
    #6 0x7fff68ee4cc8 in start+0x0 (libdyld.dylib:x86_64+0x1acc8)

SUMMARY: AddressSanitizer: heap-buffer-overflow get_next_line_utils.c:20 in ft_strlen
Error in test 1: get_next_line(5: "lines_around_10.txt"): Memory problems!
     in sigabort utils.c:58:1
     in ft_strlen get_next_line_utils.c:20:9
     in ft_str_join get_next_line_utils.c:50:37
     in read_and_buffer get_next_line.c:31:4
     in get_next_line get_next_line.c:50:6
     in test_gnl_func file_utils.c:40:8
     in main tester.c:162:2

=================================================================
==32106==ERROR: AddressSanitizer: heap-buffer-overflow on address 0x602000000111 at pc 0x000100a67915 bp 0x7ffeef1a8040 sp 0x7ffeef1a8038
READ of size 1 at 0x602000000111 thread T0
    #0 0x100a67914 in ft_strlen get_next_line_utils.c:20
    #1 0x100a67a81 in ft_str_join get_next_line_utils.c:50
    #2 0x100a67792 in read_and_buffer get_next_line.c:31
    #3 0x100a673a0 in get_next_line get_next_line.c:50
    #4 0x100a66ab0 in test_gnl_func file_utils.c:40
    #5 0x100a5fe5b in main tester.c:193
    #6 0x7fff68ee4cc8 in start+0x0 (libdyld.dylib:x86_64+0x1acc8)

0x602000000111 is located 0 bytes to the right of 1-byte region [0x602000000110,0x602000000111)
allocated by thread T0 here:
    #0 0x10406917d in wrap_malloc+0x9d (libclang_rt.asan_osx_dynamic.dylib:x86_64h+0x4917d)
    #1 0x100a60d0c in malloc malloc_mock.c:65
    #2 0x100a67960 in ft_calloc get_next_line_utils.c:30
    #3 0x100a672fc in get_next_line get_next_line.c:47
    #4 0x100a66ab0 in test_gnl_func file_utils.c:40
    #5 0x100a5fe5b in main tester.c:193
    #6 0x7fff68ee4cc8 in start+0x0 (libdyld.dylib:x86_64+0x1acc8)

SUMMARY: AddressSanitizer: heap-buffer-overflow get_next_line_utils.c:20 in ft_strlen
Error in test 1: get_next_line(5: "read_error.txt"): Memory problems!
     in sigabort utils.c:58:1
     in ft_strlen get_next_line_utils.c:20:9
     in ft_str_join get_next_line_utils.c:50:37
     in read_and_buffer get_next_line.c:31:4
     in get_next_line get_next_line.c:50:6
     in test_gnl_func file_utils.c:40:8
     in main tester.c:193:2

=================================================================
==32109==ERROR: AddressSanitizer: heap-buffer-overflow on address 0x602000000111 at pc 0x000100a67915 bp 0x7ffeef1a8040 sp 0x7ffeef1a8038
READ of size 1 at 0x602000000111 thread T0
    #0 0x100a67914 in ft_strlen get_next_line_utils.c:20
    #1 0x100a67a81 in ft_str_join get_next_line_utils.c:50
    #2 0x100a67792 in read_and_buffer get_next_line.c:31
    #3 0x100a673a0 in get_next_line get_next_line.c:50
    #4 0x100a66ab0 in test_gnl_func file_utils.c:40
    #5 0x100a606e7 in main tester.c:243
    #6 0x7fff68ee4cc8 in start+0x0 (libdyld.dylib:x86_64+0x1acc8)

0x602000000111 is located 0 bytes to the right of 1-byte region [0x602000000110,0x602000000111)
allocated by thread T0 here:
    #0 0x10406917d in wrap_malloc+0x9d (libclang_rt.asan_osx_dynamic.dylib:x86_64h+0x4917d)
    #1 0x100a60d0c in malloc malloc_mock.c:65
    #2 0x100a67960 in ft_calloc get_next_line_utils.c:30
    #3 0x100a672fc in get_next_line get_next_line.c:47
    #4 0x100a66ab0 in test_gnl_func file_utils.c:40
    #5 0x100a606e7 in main tester.c:243
    #6 0x7fff68ee4cc8 in start+0x0 (libdyld.dylib:x86_64+0x1acc8)

SUMMARY: AddressSanitizer: heap-buffer-overflow get_next_line_utils.c:20 in ft_strlen
Error in test 1: get_next_line(0: "stdin"): Memory problems!
     in sigabort utils.c:58:1
     in ft_strlen get_next_line_utils.c:20:9
     in ft_str_join get_next_line_utils.c:50:37
     in read_and_buffer get_next_line.c:31:4
     in get_next_line get_next_line.c:50:6
     in test_gnl_func file_utils.c:40:8
     in main tester.c:243:2
16  libdyld.dylib                       0x00007fff68ee4cc9 start + 1
17  ???                                 0x0000000000000001 0x0 + 1

##==##==##&&##==##==##./test1.out
##==##==##&&##==##==##./test2.out
##==##==##&&##==##==##./test2.out
##==##==##&&##==##==##./test2.out
=================================================================
==32126==ERROR: AddressSanitizer: heap-buffer-overflow on address 0x60200000011a at pc 0x000109bec775 bp 0x7ffee6019040 sp 0x7ffee6019038
READ of size 1 at 0x60200000011a thread T0
    #0 0x109bec774 in ft_strlen get_next_line_utils.c:20
    #1 0x109bec8e1 in ft_str_join get_next_line_utils.c:50
    #2 0x109bec5f2 in read_and_buffer get_next_line.c:31
    #3 0x109bec1ff in get_next_line get_next_line.c:50
    #4 0x109beb910 in test_gnl_func file_utils.c:40
    #5 0x109be1598 in main tester.c:123
    #6 0x7fff68ee4cc8 in start+0x0 (libdyld.dylib:x86_64+0x1acc8)

0x60200000011a is located 0 bytes to the right of 10-byte region [0x602000000110,0x60200000011a)
allocated by thread T0 here:
    #0 0x10d1ea17d in wrap_malloc+0x9d (libclang_rt.asan_osx_dynamic.dylib:x86_64h+0x4917d)
    #1 0x109be5b5c in malloc malloc_mock.c:65
    #2 0x109bec7c0 in ft_calloc get_next_line_utils.c:30
    #3 0x109bec15b in get_next_line get_next_line.c:47
    #4 0x109beb910 in test_gnl_func file_utils.c:40
    #5 0x109be1598 in main tester.c:123
    #6 0x7fff68ee4cc8 in start+0x0 (libdyld.dylib:x86_64+0x1acc8)

SUMMARY: AddressSanitizer: heap-buffer-overflow get_next_line_utils.c:20 in ft_strlen
##==##==##&&##==##==##./test2.out
Error in test 1: get_next_line(5: "one_line_no_nl.txt"): Memory problems!
0   test2.out                           0x0000000109be8793 show_signal_msg + 419
1   test2.out                           0x0000000109be8861 sigabort + 33
2   libsystem_platform.dylib            0x00007fff690dd5fd _sigtramp + 29
3   ???                                 0x00000001112d2b8d 0x0 + 4583140237
4   libsystem_c.dylib                   0x00007fff68fb3808 abort + 120
5   libclang_rt.asan_osx_dynamic.dylib  0x000000010d209cb6 _ZN11__sanitizer5AbortEv + 70
6   libclang_rt.asan_osx_dynamic.dylib  0x000000010d2096a4 _ZN11__sanitizer3DieEv + 196
7   libclang_rt.asan_osx_dynamic.dylib  0x000000010d1f07c6 _ZN6__asan19ScopedInErrorReportD2Ev + 422
8   libclang_rt.asan_osx_dynamic.dylib  0x000000010d1f009e _ZN6__asan18ReportGenericErrorEmmmmbmjb + 1198
9   libclang_rt.asan_osx_dynamic.dylib  0x000000010d1f0ae8 __asan_report_load1 + 40
10  test2.out                           0x0000000109bec775 ft_strlen + 101
11  test2.out                           0x0000000109bec8e2 ft_str_join + 82
12  test2.out                           0x0000000109bec5f3 read_and_buffer + 483
13  test2.out                           0x0000000109bec200 get_next_line + 448
14  test2.out                           0x0000000109beb911 test_gnl_func + 65
15  test2.out                           0x0000000109be1599 main + 6041
16  libdyld.dylib                       0x00007fff68ee4cc9 start + 1
17  ???                                 0x0000000000000001 0x0 + 1

##==##==##&&##==##==##./test2.out
##==##==##&&##==##==##./test2.out
Error in test 1: get_next_line(5: "multiple_nl.txt"): expected: "\n", got: "\n\n\n\n\n"
Error in test 2: get_next_line(5: "multiple_nl.txt"): expected: "\n", got: <NULL>
Error in test 2: get_next_line(5: "multiple_nl.txt"): not enough memory allocated, needed: 2, reserved: 0
Could not find the corresponding allocation or the pointer 0x0
should reserve space for the string: "\n"
Error in test 3: get_next_line(5: "multiple_nl.txt"): expected: "\n", got: <NULL>
Error in test 3: get_next_line(5: "multiple_nl.txt"): not enough memory allocated, needed: 2, reserved: 0
Could not find the corresponding allocation or the pointer 0x0
should reserve space for the string: "\n"
Error in test 4: get_next_line(5: "multiple_nl.txt"): expected: "\n", got: <NULL>
Error in test 4: get_next_line(5: "multiple_nl.txt"): not enough memory allocated, needed: 2, reserved: 0
Could not find the corresponding allocation or the pointer 0x0
should reserve space for the string: "\n"
Error in test 5: get_next_line(5: "multiple_nl.txt"): expected: "\n", got: <NULL>
Error in test 5: get_next_line(5: "multiple_nl.txt"): not enough memory allocated, needed: 2, reserved: 0
Could not find the corresponding allocation or the pointer 0x0
should reserve space for the string: "\n"
=================================================================
==32131==ERROR: AddressSanitizer: heap-buffer-overflow on address 0x60200000011a at pc 0x000109bec775 bp 0x7ffee6019040 sp 0x7ffee6019038
READ of size 1 at 0x60200000011a thread T0
    #0 0x109bec774 in ft_strlen get_next_line_utils.c:20
    #1 0x109bec8e1 in ft_str_join get_next_line_utils.c:50
    #2 0x109bec5f2 in read_and_buffer get_next_line.c:31
    #3 0x109bec1ff in get_next_line get_next_line.c:50
    #4 0x109beb910 in test_gnl_func file_utils.c:40
    #5 0x109be28af in main tester.c:145
    #6 0x7fff68ee4cc8 in start+0x0 (libdyld.dylib:x86_64+0x1acc8)

0x60200000011a is located 0 bytes to the right of 10-byte region [0x602000000110,0x60200000011a)
allocated by thread T0 here:
    #0 0x10d1ea17d in wrap_malloc+0x9d (libclang_rt.asan_osx_dynamic.dylib:x86_64h+0x4917d)
    #1 0x109be5b5c in malloc malloc_mock.c:65
    #2 0x109bec7c0 in ft_calloc get_next_line_utils.c:30
    #3 0x109bec15b in get_next_line get_next_line.c:47
    #4 0x109beb910 in test_gnl_func file_utils.c:40
    #5 0x109be28af in main tester.c:145
    #6 0x7fff68ee4cc8 in start+0x0 (libdyld.dylib:x86_64+0x1acc8)

SUMMARY: AddressSanitizer: heap-buffer-overflow get_next_line_utils.c:20 in ft_strlen
##==##==##&&##==##==##./test2.out
Error in test 1: get_next_line(5: "variable_nls.txt"): Memory problems!
0   test2.out                           0x0000000109be8793 show_signal_msg + 419
1   test2.out                           0x0000000109be8861 sigabort + 33
2   libsystem_platform.dylib            0x00007fff690dd5fd _sigtramp + 29
3   ???                                 0x00000001112d2b8d 0x0 + 4583140237
4   libsystem_c.dylib                   0x00007fff68fb3808 abort + 120
5   libclang_rt.asan_osx_dynamic.dylib  0x000000010d209cb6 _ZN11__sanitizer5AbortEv + 70
6   libclang_rt.asan_osx_dynamic.dylib  0x000000010d2096a4 _ZN11__sanitizer3DieEv + 196
7   libclang_rt.asan_osx_dynamic.dylib  0x000000010d1f07c6 _ZN6__asan19ScopedInErrorReportD2Ev + 422
8   libclang_rt.asan_osx_dynamic.dylib  0x000000010d1f009e _ZN6__asan18ReportGenericErrorEmmmmbmjb + 1198
9   libclang_rt.asan_osx_dynamic.dylib  0x000000010d1f0ae8 __asan_report_load1 + 40
10  test2.out                           0x0000000109bec775 ft_strlen + 101
11  test2.out                           0x0000000109bec8e2 ft_str_join + 82
12  test2.out                           0x0000000109bec5f3 read_and_buffer + 483
13  test2.out                           0x0000000109bec200 get_next_line + 448
14  test2.out                           0x0000000109beb911 test_gnl_func + 65
15  test2.out                           0x0000000109be28b0 main + 10928
16  libdyld.dylib                       0x00007fff68ee4cc9 start + 1
17  ???                                 0x0000000000000001 0x0 + 1

=================================================================
==32134==ERROR: AddressSanitizer: heap-buffer-overflow on address 0x60200000011a at pc 0x000109bec775 bp 0x7ffee6019040 sp 0x7ffee6019038
READ of size 1 at 0x60200000011a thread T0
    #0 0x109bec774 in ft_strlen get_next_line_utils.c:20
    #1 0x109bec8e1 in ft_str_join get_next_line_utils.c:50
    #2 0x109bec5f2 in read_and_buffer get_next_line.c:31
    #3 0x109bec1ff in get_next_line get_next_line.c:50
    #4 0x109beb910 in test_gnl_func file_utils.c:40
    #5 0x109be31e1 in main tester.c:162
    #6 0x7fff68ee4cc8 in start+0x0 (libdyld.dylib:x86_64+0x1acc8)

0x60200000011a is located 0 bytes to the right of 10-byte region [0x602000000110,0x60200000011a)
allocated by thread T0 here:
    #0 0x10d1ea17d in wrap_malloc+0x9d (libclang_rt.asan_osx_dynamic.dylib:x86_64h+0x4917d)
    #1 0x109be5b5c in malloc malloc_mock.c:65
    #2 0x109bec7c0 in ft_calloc get_next_line_utils.c:30
    #3 0x109bec15b in get_next_line get_next_line.c:47
    #4 0x109beb910 in test_gnl_func file_utils.c:40
    #5 0x109be31e1 in main tester.c:162
    #6 0x7fff68ee4cc8 in start+0x0 (libdyld.dylib:x86_64+0x1acc8)

SUMMARY: AddressSanitizer: heap-buffer-overflow get_next_line_utils.c:20 in ft_strlen
##==##==##&&##==##==##./test2.out
Error in test 1: get_next_line(5: "lines_around_10.txt"): Memory problems!
0   test2.out                           0x0000000109be8793 show_signal_msg + 419
1   test2.out                           0x0000000109be8861 sigabort + 33
2   libsystem_platform.dylib            0x00007fff690dd5fd _sigtramp + 29
3   ???                                 0x00000001112d2b8d 0x0 + 4583140237
4   libsystem_c.dylib                   0x00007fff68fb3808 abort + 120
5   libclang_rt.asan_osx_dynamic.dylib  0x000000010d209cb6 _ZN11__sanitizer5AbortEv + 70
6   libclang_rt.asan_osx_dynamic.dylib  0x000000010d2096a4 _ZN11__sanitizer3DieEv + 196
7   libclang_rt.asan_osx_dynamic.dylib  0x000000010d1f07c6 _ZN6__asan19ScopedInErrorReportD2Ev + 422
8   libclang_rt.asan_osx_dynamic.dylib  0x000000010d1f009e _ZN6__asan18ReportGenericErrorEmmmmbmjb + 1198
9   libclang_rt.asan_osx_dynamic.dylib  0x000000010d1f0ae8 __asan_report_load1 + 40
10  test2.out                           0x0000000109bec775 ft_strlen + 101
11  test2.out                           0x0000000109bec8e2 ft_str_join + 82
12  test2.out                           0x0000000109bec5f3 read_and_buffer + 483
13  test2.out                           0x0000000109bec200 get_next_line + 448
14  test2.out                           0x0000000109beb911 test_gnl_func + 65
15  test2.out                           0x0000000109be31e2 main + 13282
16  libdyld.dylib                       0x00007fff68ee4cc9 start + 1
17  ???                                 0x0000000000000001 0x0 + 1

=================================================================
==32137==ERROR: AddressSanitizer: heap-buffer-overflow on address 0x60200000011a at pc 0x000109bec775 bp 0x7ffee6019040 sp 0x7ffee6019038
READ of size 1 at 0x60200000011a thread T0
    #0 0x109bec774 in ft_strlen get_next_line_utils.c:20
    #1 0x109bec8e1 in ft_str_join get_next_line_utils.c:50
    #2 0x109bec5f2 in read_and_buffer get_next_line.c:31
    #3 0x109bec1ff in get_next_line get_next_line.c:50
    #4 0x109beb910 in test_gnl_func file_utils.c:40
    #5 0x109be3940 in main tester.c:173
    #6 0x7fff68ee4cc8 in start+0x0 (libdyld.dylib:x86_64+0x1acc8)

0x60200000011a is located 0 bytes to the right of 10-byte region [0x602000000110,0x60200000011a)
allocated by thread T0 here:
    #0 0x10d1ea17d in wrap_malloc+0x9d (libclang_rt.asan_osx_dynamic.dylib:x86_64h+0x4917d)
    #1 0x109be5b5c in malloc malloc_mock.c:65
    #2 0x109bec7c0 in ft_calloc get_next_line_utils.c:30
    #3 0x109bec15b in get_next_line get_next_line.c:47
    #4 0x109beb910 in test_gnl_func file_utils.c:40
    #5 0x109be3940 in main tester.c:173
    #6 0x7fff68ee4cc8 in start+0x0 (libdyld.dylib:x86_64+0x1acc8)

SUMMARY: AddressSanitizer: heap-buffer-overflow get_next_line_utils.c:20 in ft_strlen
##==##==##&&##==##==##./test2.out
Error in test 1: get_next_line(5: "giant_line.txt"): Memory problems!
0   test2.out                           0x0000000109be8793 show_signal_msg + 419
1   test2.out                           0x0000000109be8861 sigabort + 33
2   libsystem_platform.dylib            0x00007fff690dd5fd _sigtramp + 29
3   ???                                 0x00000001112d2b8d 0x0 + 4583140237
4   libsystem_c.dylib                   0x00007fff68fb3808 abort + 120
5   libclang_rt.asan_osx_dynamic.dylib  0x000000010d209cb6 _ZN11__sanitizer5AbortEv + 70
6   libclang_rt.asan_osx_dynamic.dylib  0x000000010d2096a4 _ZN11__sanitizer3DieEv + 196
7   libclang_rt.asan_osx_dynamic.dylib  0x000000010d1f07c6 _ZN6__asan19ScopedInErrorReportD2Ev + 422
8   libclang_rt.asan_osx_dynamic.dylib  0x000000010d1f009e _ZN6__asan18ReportGenericErrorEmmmmbmjb + 1198
9   libclang_rt.asan_osx_dynamic.dylib  0x000000010d1f0ae8 __asan_report_load1 + 40
10  test2.out                           0x0000000109bec775 ft_strlen + 101
11  test2.out                           0x0000000109bec8e2 ft_str_join + 82
12  test2.out                           0x0000000109bec5f3 read_and_buffer + 483
13  test2.out                           0x0000000109bec200 get_next_line + 448
14  test2.out                           0x0000000109beb911 test_gnl_func + 65
15  test2.out                           0x0000000109be3941 main + 15169
16  libdyld.dylib                       0x00007fff68ee4cc9 start + 1
17  ???                                 0x0000000000000001 0x0 + 1

=================================================================
==32140==ERROR: AddressSanitizer: heap-buffer-overflow on address 0x60200000011a at pc 0x000109bec775 bp 0x7ffee6019040 sp 0x7ffee6019038
READ of size 1 at 0x60200000011a thread T0
    #0 0x109bec774 in ft_strlen get_next_line_utils.c:20
    #1 0x109bec8e1 in ft_str_join get_next_line_utils.c:50
    #2 0x109bec5f2 in read_and_buffer get_next_line.c:31
    #3 0x109bec1ff in get_next_line get_next_line.c:50
    #4 0x109beb910 in test_gnl_func file_utils.c:40
    #5 0x109be4071 in main tester.c:181
    #6 0x7fff68ee4cc8 in start+0x0 (libdyld.dylib:x86_64+0x1acc8)

0x60200000011a is located 0 bytes to the right of 10-byte region [0x602000000110,0x60200000011a)
allocated by thread T0 here:
    #0 0x10d1ea17d in wrap_malloc+0x9d (libclang_rt.asan_osx_dynamic.dylib:x86_64h+0x4917d)
    #1 0x109be5b5c in malloc malloc_mock.c:65
    #2 0x109bec7c0 in ft_calloc get_next_line_utils.c:30
    #3 0x109bec15b in get_next_line get_next_line.c:47
    #4 0x109beb910 in test_gnl_func file_utils.c:40
    #5 0x109be4071 in main tester.c:181
    #6 0x7fff68ee4cc8 in start+0x0 (libdyld.dylib:x86_64+0x1acc8)

SUMMARY: AddressSanitizer: heap-buffer-overflow get_next_line_utils.c:20 in ft_strlen
##==##==##&&##==##==##./test2.out
Error in test 1: get_next_line(5: "giant_line_nl.txt"): Memory problems!
0   test2.out                           0x0000000109be8793 show_signal_msg + 419
1   test2.out                           0x0000000109be8861 sigabort + 33
2   libsystem_platform.dylib            0x00007fff690dd5fd _sigtramp + 29
3   ???                                 0x00000001112d2b8d 0x0 + 4583140237
4   libsystem_c.dylib                   0x00007fff68fb3808 abort + 120
5   libclang_rt.asan_osx_dynamic.dylib  0x000000010d209cb6 _ZN11__sanitizer5AbortEv + 70
6   libclang_rt.asan_osx_dynamic.dylib  0x000000010d2096a4 _ZN11__sanitizer3DieEv + 196
7   libclang_rt.asan_osx_dynamic.dylib  0x000000010d1f07c6 _ZN6__asan19ScopedInErrorReportD2Ev + 422
8   libclang_rt.asan_osx_dynamic.dylib  0x000000010d1f009e _ZN6__asan18ReportGenericErrorEmmmmbmjb + 1198
9   libclang_rt.asan_osx_dynamic.dylib  0x000000010d1f0ae8 __asan_report_load1 + 40
10  test2.out                           0x0000000109bec775 ft_strlen + 101
11  test2.out                           0x0000000109bec8e2 ft_str_join + 82
12  test2.out                           0x0000000109bec5f3 read_and_buffer + 483
13  test2.out                           0x0000000109bec200 get_next_line + 448
14  test2.out                           0x0000000109beb911 test_gnl_func + 65
15  test2.out                           0x0000000109be4072 main + 17010
16  libdyld.dylib                       0x00007fff68ee4cc9 start + 1
17  ???                                 0x0000000000000001 0x0 + 1

##==##==##&&##==##==##./test2.out
=================================================================
==32143==ERROR: AddressSanitizer: heap-buffer-overflow on address 0x60200000011a at pc 0x000109bec775 bp 0x7ffee6019040 sp 0x7ffee6019038
READ of size 1 at 0x60200000011a thread T0
    #0 0x109bec774 in ft_strlen get_next_line_utils.c:20
    #1 0x109bec8e1 in ft_str_join get_next_line_utils.c:50
    #2 0x109bec5f2 in read_and_buffer get_next_line.c:31
    #3 0x109bec1ff in get_next_line get_next_line.c:50
    #4 0x109beb910 in test_gnl_func file_utils.c:40
    #5 0x109be46e3 in main tester.c:193
    #6 0x7fff68ee4cc8 in start+0x0 (libdyld.dylib:x86_64+0x1acc8)

0x60200000011a is located 0 bytes to the right of 10-byte region [0x602000000110,0x60200000011a)
allocated by thread T0 here:
    #0 0x10d1ea17d in wrap_malloc+0x9d (libclang_rt.asan_osx_dynamic.dylib:x86_64h+0x4917d)
    #1 0x109be5b5c in malloc malloc_mock.c:65
    #2 0x109bec7c0 in ft_calloc get_next_line_utils.c:30
    #3 0x109bec15b in get_next_line get_next_line.c:47
    #4 0x109beb910 in test_gnl_func file_utils.c:40
    #5 0x109be46e3 in main tester.c:193
    #6 0x7fff68ee4cc8 in start+0x0 (libdyld.dylib:x86_64+0x1acc8)

SUMMARY: AddressSanitizer: heap-buffer-overflow get_next_line_utils.c:20 in ft_strlen
Error in test 1: get_next_line(5: "read_error.txt"): Memory problems!
0   test2.out                           0x0000000109be8793 show_signal_msg + 419
1   test2.out                           0x0000000109be8861 sigabort + 33
2   libsystem_platform.dylib            0x00007fff690dd5fd _sigtramp + 29
3   ???                                 0x00000001112d2b8d 0x0 + 4583140237
4   libsystem_c.dylib                   0x00007fff68fb3808 abort + 120
5   libclang_rt.asan_osx_dynamic.dylib  0x000000010d209cb6 _ZN11__sanitizer5AbortEv + 70
6   libclang_rt.asan_osx_dynamic.dylib  0x000000010d2096a4 _ZN11__sanitizer3DieEv + 196
7   libclang_rt.asan_osx_dynamic.dylib  0x000000010d1f07c6 _ZN6__asan19ScopedInErrorReportD2Ev + 422
8   libclang_rt.asan_osx_dynamic.dylib  0x000000010d1f009e _ZN6__asan18ReportGenericErrorEmmmmbmjb + 1198
9   libclang_rt.asan_osx_dynamic.dylib  0x000000010d1f0ae8 __asan_report_load1 + 40
10  test2.out                           0x0000000109bec775 ft_strlen + 101
11  test2.out                           0x0000000109bec8e2 ft_str_join + 82
12  test2.out                           0x0000000109bec5f3 read_and_buffer + 483
13  test2.out                           0x0000000109bec200 get_next_line + 448
14  test2.out                           0x0000000109beb911 test_gnl_func + 65
15  test2.out                           0x0000000109be46e4 main + 18660
16  libdyld.dylib                       0x00007fff68ee4cc9 start + 1
17  ???                                 0x0000000000000001 0x0 + 1

=================================================================
==32146==ERROR: AddressSanitizer: heap-buffer-overflow on address 0x6020000001fa at pc 0x000109bec775 bp 0x7ffee6016700 sp 0x7ffee60166f8
READ of size 1 at 0x6020000001fa thread T0
    #0 0x109bec774 in ft_strlen get_next_line_utils.c:20
    #1 0x109bec8e1 in ft_str_join get_next_line_utils.c:50
    #2 0x109bec5f2 in read_and_buffer get_next_line.c:31
    #3 0x109bec1ff in get_next_line get_next_line.c:50
    #4 0x109bebd67 in test_gnl_func_limits file_utils.c:73
    #5 0x109bdfc3d in test_limit tester.c:84
    #6 0x109be5061 in main tester.c:235
    #7 0x7fff68ee4cc8 in start+0x0 (libdyld.dylib:x86_64+0x1acc8)

0x6020000001fa is located 0 bytes to the right of 10-byte region [0x6020000001f0,0x6020000001fa)
allocated by thread T0 here:
    #0 0x10d1ea17d in wrap_malloc+0x9d (libclang_rt.asan_osx_dynamic.dylib:x86_64h+0x4917d)
    #1 0x109be5b5c in malloc malloc_mock.c:65
    #2 0x109bec7c0 in ft_calloc get_next_line_utils.c:30
    #3 0x109bec15b in get_next_line get_next_line.c:47
    #4 0x109bebd67 in test_gnl_func_limits file_utils.c:73
    #5 0x109bdfc3d in test_limit tester.c:84
    #6 0x109be5061 in main tester.c:235
    #7 0x7fff68ee4cc8 in start+0x0 (libdyld.dylib:x86_64+0x1acc8)

SUMMARY: AddressSanitizer: heap-buffer-overflow get_next_line_utils.c:20 in ft_strlen
##==##==##&&##==##==##./test2.out
Error in test 4: get_next_line(5: "limits.txt"): Memory problems!
0   test2.out                           0x0000000109be8793 show_signal_msg + 419
1   test2.out                           0x0000000109be8861 sigabort + 33
2   libsystem_platform.dylib            0x00007fff690dd5fd _sigtramp + 29
3   ???                                 0x00000001112d2b8d 0x0 + 4583140237
4   libsystem_c.dylib                   0x00007fff68fb3808 abort + 120
5   libclang_rt.asan_osx_dynamic.dylib  0x000000010d209cb6 _ZN11__sanitizer5AbortEv + 70
6   libclang_rt.asan_osx_dynamic.dylib  0x000000010d2096a4 _ZN11__sanitizer3DieEv + 196
7   libclang_rt.asan_osx_dynamic.dylib  0x000000010d1f07c6 _ZN6__asan19ScopedInErrorReportD2Ev + 422
8   libclang_rt.asan_osx_dynamic.dylib  0x000000010d1f009e _ZN6__asan18ReportGenericErrorEmmmmbmjb + 1198
9   libclang_rt.asan_osx_dynamic.dylib  0x000000010d1f0ae8 __asan_report_load1 + 40
10  test2.out                           0x0000000109bec775 ft_strlen + 101
11  test2.out                           0x0000000109bec8e2 ft_str_join + 82
12  test2.out                           0x0000000109bec5f3 read_and_buffer + 483
13  test2.out                           0x0000000109bec200 get_next_line + 448
14  test2.out                           0x0000000109bebd68 test_gnl_func_limits + 72
15  test2.out                           0x0000000109bdfc3e test_limit + 526
16  test2.out                           0x0000000109be5062 main + 21090
17  libdyld.dylib                       0x00007fff68ee4cc9 start + 1
18  ???                                 0x0000000000000001 0x0 + 1

=================================================================
==32149==ERROR: AddressSanitizer: heap-buffer-overflow on address 0x60200000011a at pc 0x000109bec775 bp 0x7ffee6019040 sp 0x7ffee6019038
READ of size 1 at 0x60200000011a thread T0
    #0 0x109bec774 in ft_strlen get_next_line_utils.c:20
    #1 0x109bec8e1 in ft_str_join get_next_line_utils.c:50
    #2 0x109bec5f2 in read_and_buffer get_next_line.c:31
    #3 0x109bec1ff in get_next_line get_next_line.c:50
    #4 0x109beb910 in test_gnl_func file_utils.c:40
    #5 0x109be5569 in main tester.c:243
    #6 0x7fff68ee4cc8 in start+0x0 (libdyld.dylib:x86_64+0x1acc8)

0x60200000011a is located 0 bytes to the right of 10-byte region [0x602000000110,0x60200000011a)
allocated by thread T0 here:
    #0 0x10d1ea17d in wrap_malloc+0x9d (libclang_rt.asan_osx_dynamic.dylib:x86_64h+0x4917d)
    #1 0x109be5b5c in malloc malloc_mock.c:65
    #2 0x109bec7c0 in ft_calloc get_next_line_utils.c:30
    #3 0x109bec15b in get_next_line get_next_line.c:47
    #4 0x109beb910 in test_gnl_func file_utils.c:40
    #5 0x109be5569 in main tester.c:243
    #6 0x7fff68ee4cc8 in start+0x0 (libdyld.dylib:x86_64+0x1acc8)

SUMMARY: AddressSanitizer: heap-buffer-overflow get_next_line_utils.c:20 in ft_strlen
##==##==##&&##==##==##./test2.out
Error in test 1: get_next_line(0: "stdin"): Memory problems!
0   test2.out                           0x0000000109be8793 show_signal_msg + 419
1   test2.out                           0x0000000109be8861 sigabort + 33
2   libsystem_platform.dylib            0x00007fff690dd5fd _sigtramp + 29
3   ???                                 0x00000001112d2b8d 0x0 + 4583140237
4   libsystem_c.dylib                   0x00007fff68fb3808 abort + 120
5   libclang_rt.asan_osx_dynamic.dylib  0x000000010d209cb6 _ZN11__sanitizer5AbortEv + 70
6   libclang_rt.asan_osx_dynamic.dylib  0x000000010d2096a4 _ZN11__sanitizer3DieEv + 196
7   libclang_rt.asan_osx_dynamic.dylib  0x000000010d1f07c6 _ZN6__asan19ScopedInErrorReportD2Ev + 422
8   libclang_rt.asan_osx_dynamic.dylib  0x000000010d1f009e _ZN6__asan18ReportGenericErrorEmmmmbmjb + 1198
9   libclang_rt.asan_osx_dynamic.dylib  0x000000010d1f0ae8 __asan_report_load1 + 40
10  test2.out                           0x0000000109bec775 ft_strlen + 101
11  test2.out                           0x0000000109bec8e2 ft_str_join + 82
12  test2.out                           0x0000000109bec5f3 read_and_buffer + 483
13  test2.out                           0x0000000109bec200 get_next_line + 448
14  test2.out                           0x0000000109beb911 test_gnl_func + 65
15  test2.out                           0x0000000109be556a main + 22378
16  libdyld.dylib                       0x00007fff68ee4cc9 start + 1
17  ???                                 0x0000000000000001 0x0 + 1

##==##==##&&##==##==##./test2.out
##==##==##&&##==##==##./test3.out
##==##==##&&##==##==##./test3.out
##==##==##&&##==##==##./test3.out
##==##==##&&##==##==##./test3.out
##==##==##&&##==##==##./test3.out
##==##==##&&##==##==##./test3.out
Error in test 1: get_next_line(5: "multiple_nl.txt"): expected: "\n", got: "\n\n\n\n\n"
Error in test 2: get_next_line(5: "multiple_nl.txt"): expected: "\n", got: <NULL>
Error in test 2: get_next_line(5: "multiple_nl.txt"): not enough memory allocated, needed: 2, reserved: 0
Could not find the corresponding allocation or the pointer 0x0
should reserve space for the string: "\n"
Error in test 3: get_next_line(5: "multiple_nl.txt"): expected: "\n", got: <NULL>
Error in test 3: get_next_line(5: "multiple_nl.txt"): not enough memory allocated, needed: 2, reserved: 0
Could not find the corresponding allocation or the pointer 0x0
should reserve space for the string: "\n"
Error in test 4: get_next_line(5: "multiple_nl.txt"): expected: "\n", got: <NULL>
Error in test 4: get_next_line(5: "multiple_nl.txt"): not enough memory allocated, needed: 2, reserved: 0
Could not find the corresponding allocation or the pointer 0x0
should reserve space for the string: "\n"
Error in test 5: get_next_line(5: "multiple_nl.txt"): expected: "\n", got: <NULL>
Error in test 5: get_next_line(5: "multiple_nl.txt"): not enough memory allocated, needed: 2, reserved: 0
Could not find the corresponding allocation or the pointer 0x0
should reserve space for the string: "\n"
##==##==##&&##==##==##./test3.out
Error in test 1: get_next_line(5: "variable_nls.txt"): expected: "\n", got: "\n0123456789012345678[...]34567890123456789x12"(222 characters)
Error in test 2: get_next_line(5: "variable_nls.txt"): expected: "0123456789012345678901234567890123456789x2\n", got: <NULL>
Error in test 2: get_next_line(5: "variable_nls.txt"): not enough memory allocated, needed: 44, reserved: 0
Could not find the corresponding allocation or the pointer 0x0
should reserve space for the string: "0123456789012345678901234567890123456789x2\n"
Error in test 3: get_next_line(5: "variable_nls.txt"): expected: "0123456789012345678901234567890123456789x3\n", got: <NULL>
Error in test 3: get_next_line(5: "variable_nls.txt"): not enough memory allocated, needed: 44, reserved: 0
Could not find the corresponding allocation or the pointer 0x0
should reserve space for the string: "0123456789012345678901234567890123456789x3\n"
Error in test 4: get_next_line(5: "variable_nls.txt"): expected: "\n", got: <NULL>
Error in test 4: get_next_line(5: "variable_nls.txt"): not enough memory allocated, needed: 2, reserved: 0
Could not find the corresponding allocation or the pointer 0x0
should reserve space for the string: "\n"
Error in test 5: get_next_line(5: "variable_nls.txt"): expected: "0123456789012345678901234567890123456789x5\n", got: <NULL>
Error in test 5: get_next_line(5: "variable_nls.txt"): not enough memory allocated, needed: 44, reserved: 0
Could not find the corresponding allocation or the pointer 0x0
should reserve space for the string: "0123456789012345678901234567890123456789x5\n"
Error in test 6: get_next_line(5: "variable_nls.txt"): expected: "\n", got: <NULL>
Error in test 6: get_next_line(5: "variable_nls.txt"): not enough memory allocated, needed: 2, reserved: 0
Could not find the corresponding allocation or the pointer 0x0
should reserve space for the string: "\n"
Error in test 7: get_next_line(5: "variable_nls.txt"): expected: "\n", got: <NULL>
Error in test 7: get_next_line(5: "variable_nls.txt"): not enough memory allocated, needed: 2, reserved: 0
Could not find the corresponding allocation or the pointer 0x0
should reserve space for the string: "\n"
Error in test 8: get_next_line(5: "variable_nls.txt"): expected: "0123456789012345678901234567890123456789x8\n", got: <NULL>
Error in test 8: get_next_line(5: "variable_nls.txt"): not enough memory allocated, needed: 44, reserved: 0
Could not find the corresponding allocation or the pointer 0x0
should reserve space for the string: "0123456789012345678901234567890123456789x8\n"
Error in test 9: get_next_line(5: "variable_nls.txt"): expected: "\n", got: <NULL>
Error in test 9: get_next_line(5: "variable_nls.txt"): not enough memory allocated, needed: 2, reserved: 0
Could not find the corresponding allocation or the pointer 0x0
should reserve space for the string: "\n"
Error in test 10: get_next_line(5: "variable_nls.txt"): expected: "\n", got: <NULL>
Error in test 10: get_next_line(5: "variable_nls.txt"): not enough memory allocated, needed: 2, reserved: 0
Could not find the corresponding allocation or the pointer 0x0
should reserve space for the string: "\n"
Error in test 11: get_next_line(5: "variable_nls.txt"): expected: "\n", got: <NULL>
Error in test 11: get_next_line(5: "variable_nls.txt"): not enough memory allocated, needed: 2, reserved: 0
Could not find the corresponding allocation or the pointer 0x0
should reserve space for the string: "\n"
Error in test 12: get_next_line(5: "variable_nls.txt"): expected: "0123456789012345678901234567890123456789x12", got: <NULL>
Error in test 12: get_next_line(5: "variable_nls.txt"): not enough memory allocated, needed: 44, reserved: 0
Could not find the corresponding allocation or the pointer 0x0
should reserve space for the string: "0123456789012345678901234567890123456789x12"
##==##==##&&##==##==##./test3.out
Error in test 2: get_next_line(5: "lines_around_10.txt"): expected: "012345678\n", got: <NULL>
Error in test 2: get_next_line(5: "lines_around_10.txt"): not enough memory allocated, needed: 11, reserved: 0
Could not find the corresponding allocation or the pointer 0x0
should reserve space for the string: "012345678\n"
Error in test 3: get_next_line(5: "lines_around_10.txt"): expected: "90123456789\n", got: <NULL>
Error in test 3: get_next_line(5: "lines_around_10.txt"): not enough memory allocated, needed: 13, reserved: 0
Could not find the corresponding allocation or the pointer 0x0
should reserve space for the string: "90123456789\n"
Error in test 4: get_next_line(5: "lines_around_10.txt"): expected: "0123456789\n", got: <NULL>
Error in test 4: get_next_line(5: "lines_around_10.txt"): not enough memory allocated, needed: 12, reserved: 0
Could not find the corresponding allocation or the pointer 0x0
should reserve space for the string: "0123456789\n"
Error in test 5: get_next_line(5: "lines_around_10.txt"): expected: "xxxx\n", got: <NULL>
Error in test 5: get_next_line(5: "lines_around_10.txt"): not enough memory allocated, needed: 6, reserved: 0
Could not find the corresponding allocation or the pointer 0x0
should reserve space for the string: "xxxx\n"
##==##==##&&##==##==##./test3.out
##==##==##&&##==##==##./test3.out
Error in test 2: get_next_line(5: "giant_line_nl.txt"): expected: "another line!!!", got: <NULL>
Error in test 2: get_next_line(5: "giant_line_nl.txt"): not enough memory allocated, needed: 16, reserved: 0
Could not find the corresponding allocation or the pointer 0x0
should reserve space for the string: "another line!!!"
##==##==##&&##==##==##./test3.out
Error in test 2: get_next_line(5: "read_error.txt"): expected: "bbbbbbbbbb\n", got: <NULL>
Error in test 2: get_next_line(5: "read_error.txt"): not enough memory allocated, needed: 12, reserved: 0
Could not find the corresponding allocation or the pointer 0x0
should reserve space for the string: "bbbbbbbbbb\n"
Error in test 5: get_next_line(5: "read_error.txt"): expected: "bbbbbbbbbb\n", got: <NULL>
Error in test 5: get_next_line(5: "read_error.txt"): not enough memory allocated, needed: 12, reserved: 0
Could not find the corresponding allocation or the pointer 0x0
should reserve space for the string: "bbbbbbbbbb\n"
Error in test 6: get_next_line(5: "read_error.txt"): expected: "cccccccccc\n", got: <NULL>
Error in test 6: get_next_line(5: "read_error.txt"): not enough memory allocated, needed: 12, reserved: 0
Could not find the corresponding allocation or the pointer 0x0
should reserve space for the string: "cccccccccc\n"
Error in test 7: get_next_line(5: "read_error.txt"): expected: "dddddddddd\n", got: <NULL>
Error in test 7: get_next_line(5: "read_error.txt"): not enough memory allocated, needed: 12, reserved: 0
Could not find the corresponding allocation or the pointer 0x0
should reserve space for the string: "dddddddddd\n"
Probable reason: You should clear the static buffer when a call to read returns -1
##==##==##&&##==##==##./test3.out
Error in test 2: get_next_line(0: "stdin"): expected: "012345678\n", got: <NULL>
Error in test 2: get_next_line(0: "stdin"): not enough memory allocated, needed: 11, reserved: 0
Could not find the corresponding allocation or the pointer 0x0
should reserve space for the string: "012345678\n"
Error in test 3: get_next_line(0: "stdin"): expected: "90123456789\n", got: <NULL>
Error in test 3: get_next_line(0: "stdin"): not enough memory allocated, needed: 13, reserved: 0
Could not find the corresponding allocation or the pointer 0x0
should reserve space for the string: "90123456789\n"
Error in test 4: get_next_line(0: "stdin"): expected: "0123456789\n", got: <NULL>
Error in test 4: get_next_line(0: "stdin"): not enough memory allocated, needed: 12, reserved: 0
Could not find the corresponding allocation or the pointer 0x0
should reserve space for the string: "0123456789\n"
Error in test 5: get_next_line(0: "stdin"): expected: "xxxx\n", got: <NULL>
Error in test 5: get_next_line(0: "stdin"): not enough memory allocated, needed: 6, reserved: 0
Could not find the corresponding allocation or the pointer 0x0
should reserve space for the string: "xxxx\n"
##==##==##&&##==##==##./test3.out
